<?xml version="1.0" encoding="UTF-8"?>
<coverage generated="1690012457924" clover="3.2.0">
  <project timestamp="1690012457924" name="All files">
    <metrics statements="15" coveredstatements="14" conditionals="6" coveredconditionals="2" methods="5" coveredmethods="4" elements="26" coveredelements="20" complexity="0" loc="15" ncloc="15" packages="1" files="1" classes="1"/>
    <file name="util.js" path="D:\Microverse\Module 2\Projects\ToDO-Tasks\src\modules\util.js">
      <metrics statements="15" coveredstatements="14" conditionals="6" coveredconditionals="2" methods="5" coveredmethods="4"/>
      <line num="1" count="1" type="stmt"/>
      <line num="2" count="1" type="stmt"/>
      <line num="3" count="1" type="stmt"/>
      <line num="4" count="1" type="stmt"/>
      <line num="5" count="1" type="stmt"/>
      <line num="22" count="1" type="stmt"/>
      <line num="23" count="1" type="stmt"/>
      <line num="24" count="1" type="stmt"/>
      <line num="25" count="1" type="cond" truecount="1" falsecount="1"/>
      <line num="26" count="1" type="stmt"/>
      <line num="27" count="1" type="stmt"/>
      <line num="28" count="0" type="stmt"/>
      <line num="31" count="1" type="stmt"/>
      <line num="32" count="1" type="stmt"/>
      <line num="33" count="1" type="stmt"/>
    </file>
  </project>
</coverage>
