{"D:\\Microverse\\Module 2\\Projects\\ToDO-Tasks\\src\\modules\\util.js": {"path":"D:\\Microverse\\Module 2\\Projects\\ToDO-Tasks\\src\\modules\\util.js","statementMap":{"0":{"start":{"line":1,"column":17},"end":{"line":20,"column":1}},"1":{"start":{"line":2,"column":22},"end":{"line":2,"column":58}},"2":{"start":{"line":3,"column":19},"end":{"line":3,"column":69}},"3":{"start":{"line":4,"column":2},"end":{"line":4,"column":57}},"4":{"start":{"line":5,"column":3},"end":{"line":18,"column":14}},"5":{"start":{"line":5,"column":53},"end":{"line":18,"column":3}},"6":{"start":{"line":22,"column":19},"end":{"line":48,"column":1}},"7":{"start":{"line":23,"column":19},"end":{"line":23,"column":60}},"8":{"start":{"line":24,"column":16},"end":{"line":24,"column":63}},"9":{"start":{"line":24,"column":45},"end":{"line":24,"column":62}},"10":{"start":{"line":25,"column":2},"end":{"line":47,"column":3}},"11":{"start":{"line":26,"column":4},"end":{"line":26,"column":30}},"12":{"start":{"line":27,"column":4},"end":{"line":29,"column":5}},"13":{"start":{"line":27,"column":17},"end":{"line":27,"column":18}},"14":{"start":{"line":28,"column":6},"end":{"line":28,"column":32}},"15":{"start":{"line":31,"column":4},"end":{"line":31,"column":59}},"16":{"start":{"line":32,"column":24},"end":{"line":32,"column":60}},"17":{"start":{"line":33,"column":3},"end":{"line":46,"column":14}},"18":{"start":{"line":33,"column":53},"end":{"line":46,"column":3}}},"fnMap":{"0":{"name":"(anonymous_0)","decl":{"start":{"line":1,"column":17},"end":{"line":1,"column":18}},"loc":{"start":{"line":1,"column":23},"end":{"line":20,"column":1}},"line":1},"1":{"name":"(anonymous_1)","decl":{"start":{"line":5,"column":40},"end":{"line":5,"column":41}},"loc":{"start":{"line":5,"column":53},"end":{"line":18,"column":3}},"line":5},"2":{"name":"(anonymous_2)","decl":{"start":{"line":22,"column":19},"end":{"line":22,"column":20}},"loc":{"start":{"line":22,"column":27},"end":{"line":48,"column":1}},"line":22},"3":{"name":"(anonymous_3)","decl":{"start":{"line":24,"column":35},"end":{"line":24,"column":36}},"loc":{"start":{"line":24,"column":45},"end":{"line":24,"column":62}},"line":24},"4":{"name":"(anonymous_4)","decl":{"start":{"line":33,"column":40},"end":{"line":33,"column":41}},"loc":{"start":{"line":33,"column":53},"end":{"line":46,"column":3}},"line":33}},"branchMap":{"0":{"loc":{"start":{"line":9,"column":110},"end":{"line":9,"column":141}},"type":"cond-expr","locations":[{"start":{"line":9,"column":127},"end":{"line":9,"column":136}},{"start":{"line":9,"column":139},"end":{"line":9,"column":141}}],"line":9},"1":{"loc":{"start":{"line":25,"column":2},"end":{"line":47,"column":3}},"type":"if","locations":[{"start":{"line":25,"column":2},"end":{"line":47,"column":3}},{"start":{},"end":{}}],"line":25},"2":{"loc":{"start":{"line":37,"column":110},"end":{"line":37,"column":141}},"type":"cond-expr","locations":[{"start":{"line":37,"column":127},"end":{"line":37,"column":136}},{"start":{"line":37,"column":139},"end":{"line":37,"column":141}}],"line":37}},"s":{"0":1,"1":1,"2":1,"3":1,"4":1,"5":1,"6":1,"7":1,"8":1,"9":1,"10":1,"11":1,"12":1,"13":1,"14":0,"15":1,"16":1,"17":1,"18":0},"f":{"0":1,"1":1,"2":1,"3":1,"4":0},"b":{"0":[0,1],"1":[1,0],"2":[0,0]},"_coverageSchema":"1a1c01bbd47fc00a2c39e90264f33305004495a9","hash":"68ed3fc7b547f1751fc2d594a03cb83f06c48e92"}
}
