{"D:\\Microverse\\Module 2\\Projects\\ToDO-Tasks\\src\\modules\\local_storage.js": {"path":"D:\\Microverse\\Module 2\\Projects\\ToDO-Tasks\\src\\modules\\local_storage.js","statementMap":{"0":{"start":{"line":3,"column":31},"end":{"line":3,"column":101}},"1":{"start":{"line":3,"column":44},"end":{"line":3,"column":101}},"2":{"start":{"line":5,"column":35},"end":{"line":5,"column":91}},"3":{"start":{"line":5,"column":41},"end":{"line":5,"column":91}}},"fnMap":{"0":{"name":"(anonymous_0)","decl":{"start":{"line":3,"column":31},"end":{"line":3,"column":32}},"loc":{"start":{"line":3,"column":44},"end":{"line":3,"column":101}},"line":3},"1":{"name":"(anonymous_1)","decl":{"start":{"line":5,"column":35},"end":{"line":5,"column":36}},"loc":{"start":{"line":5,"column":41},"end":{"line":5,"column":91}},"line":5}},"branchMap":{"0":{"loc":{"start":{"line":5,"column":41},"end":{"line":5,"column":91}},"type":"binary-expr","locations":[{"start":{"line":5,"column":41},"end":{"line":5,"column":85}},{"start":{"line":5,"column":89},"end":{"line":5,"column":91}}],"line":5}},"s":{"0":1,"1":4,"2":1,"3":1},"f":{"0":4,"1":1},"b":{"0":[1,1]},"_coverageSchema":"1a1c01bbd47fc00a2c39e90264f33305004495a9","hash":"090c099f5b959fcb60ed9737fd364b15bc6192e9"}
,"D:\\Microverse\\Module 2\\Projects\\ToDO-Tasks\\src\\modules\\operation.js": {"path":"D:\\Microverse\\Module 2\\Projects\\ToDO-Tasks\\src\\modules\\operation.js","statementMap":{"0":{"start":{"line":7,"column":6},"end":{"line":7,"column":41}},"1":{"start":{"line":10,"column":14},"end":{"line":18,"column":5}},"2":{"start":{"line":11,"column":19},"end":{"line":15,"column":7}},"3":{"start":{"line":16,"column":6},"end":{"line":16,"column":28}},"4":{"start":{"line":17,"column":6},"end":{"line":17,"column":34}},"5":{"start":{"line":20,"column":15},"end":{"line":24,"column":5}},"6":{"start":{"line":21,"column":19},"end":{"line":21,"column":63}},"7":{"start":{"line":21,"column":45},"end":{"line":21,"column":62}},"8":{"start":{"line":22,"column":6},"end":{"line":22,"column":29}},"9":{"start":{"line":23,"column":6},"end":{"line":23,"column":34}},"10":{"start":{"line":26,"column":15},"end":{"line":31,"column":5}},"11":{"start":{"line":27,"column":31},"end":{"line":29,"column":7}},"12":{"start":{"line":28,"column":18},"end":{"line":28,"column":42}},"13":{"start":{"line":30,"column":6},"end":{"line":30,"column":40}},"14":{"start":{"line":33,"column":15},"end":{"line":39,"column":5}},"15":{"start":{"line":34,"column":19},"end":{"line":34,"column":63}},"16":{"start":{"line":34,"column":45},"end":{"line":34,"column":62}},"17":{"start":{"line":35,"column":6},"end":{"line":37,"column":7}},"18":{"start":{"line":36,"column":8},"end":{"line":36,"column":40}},"19":{"start":{"line":38,"column":6},"end":{"line":38,"column":34}}},"fnMap":{"0":{"name":"(anonymous_0)","decl":{"start":{"line":6,"column":4},"end":{"line":6,"column":5}},"loc":{"start":{"line":6,"column":18},"end":{"line":8,"column":5}},"line":6},"1":{"name":"(anonymous_1)","decl":{"start":{"line":10,"column":14},"end":{"line":10,"column":15}},"loc":{"start":{"line":10,"column":24},"end":{"line":18,"column":5}},"line":10},"2":{"name":"(anonymous_2)","decl":{"start":{"line":20,"column":15},"end":{"line":20,"column":16}},"loc":{"start":{"line":20,"column":29},"end":{"line":24,"column":5}},"line":20},"3":{"name":"(anonymous_3)","decl":{"start":{"line":21,"column":35},"end":{"line":21,"column":36}},"loc":{"start":{"line":21,"column":45},"end":{"line":21,"column":62}},"line":21},"4":{"name":"(anonymous_4)","decl":{"start":{"line":26,"column":15},"end":{"line":26,"column":16}},"loc":{"start":{"line":26,"column":21},"end":{"line":31,"column":5}},"line":26},"5":{"name":"(anonymous_5)","decl":{"start":{"line":28,"column":8},"end":{"line":28,"column":9}},"loc":{"start":{"line":28,"column":18},"end":{"line":28,"column":42}},"line":28},"6":{"name":"(anonymous_6)","decl":{"start":{"line":33,"column":15},"end":{"line":33,"column":16}},"loc":{"start":{"line":33,"column":29},"end":{"line":39,"column":5}},"line":33},"7":{"name":"(anonymous_7)","decl":{"start":{"line":34,"column":35},"end":{"line":34,"column":36}},"loc":{"start":{"line":34,"column":45},"end":{"line":34,"column":62}},"line":34}},"branchMap":{"0":{"loc":{"start":{"line":35,"column":6},"end":{"line":37,"column":7}},"type":"if","locations":[{"start":{"line":35,"column":6},"end":{"line":37,"column":7}},{"start":{},"end":{}}],"line":35}},"s":{"0":1,"1":1,"2":1,"3":1,"4":1,"5":1,"6":1,"7":1,"8":1,"9":1,"10":1,"11":1,"12":0,"13":1,"14":1,"15":1,"16":1,"17":1,"18":1,"19":1},"f":{"0":1,"1":1,"2":1,"3":1,"4":1,"5":0,"6":1,"7":1},"b":{"0":[1,0]},"_coverageSchema":"1a1c01bbd47fc00a2c39e90264f33305004495a9","hash":"271053c50731f52cc02c166abfc4087769f26aab"}
,"D:\\Microverse\\Module 2\\Projects\\ToDO-Tasks\\src\\modules\\util.js": {"path":"D:\\Microverse\\Module 2\\Projects\\ToDO-Tasks\\src\\modules\\util.js","statementMap":{"0":{"start":{"line":1,"column":17},"end":{"line":19,"column":1}},"1":{"start":{"line":2,"column":22},"end":{"line":2,"column":58}},"2":{"start":{"line":3,"column":19},"end":{"line":3,"column":73}},"3":{"start":{"line":4,"column":2},"end":{"line":4,"column":58}},"4":{"start":{"line":5,"column":2},"end":{"line":18,"column":14}},"5":{"start":{"line":5,"column":52},"end":{"line":18,"column":3}},"6":{"start":{"line":21,"column":19},"end":{"line":47,"column":1}},"7":{"start":{"line":22,"column":19},"end":{"line":22,"column":60}},"8":{"start":{"line":23,"column":16},"end":{"line":23,"column":63}},"9":{"start":{"line":23,"column":45},"end":{"line":23,"column":62}},"10":{"start":{"line":24,"column":2},"end":{"line":46,"column":3}},"11":{"start":{"line":25,"column":4},"end":{"line":25,"column":30}},"12":{"start":{"line":26,"column":4},"end":{"line":28,"column":5}},"13":{"start":{"line":26,"column":17},"end":{"line":26,"column":18}},"14":{"start":{"line":27,"column":6},"end":{"line":27,"column":32}},"15":{"start":{"line":30,"column":4},"end":{"line":30,"column":60}},"16":{"start":{"line":31,"column":24},"end":{"line":31,"column":60}},"17":{"start":{"line":32,"column":4},"end":{"line":45,"column":14}},"18":{"start":{"line":32,"column":54},"end":{"line":45,"column":3}}},"fnMap":{"0":{"name":"(anonymous_0)","decl":{"start":{"line":1,"column":17},"end":{"line":1,"column":18}},"loc":{"start":{"line":1,"column":23},"end":{"line":19,"column":1}},"line":1},"1":{"name":"(anonymous_1)","decl":{"start":{"line":5,"column":39},"end":{"line":5,"column":40}},"loc":{"start":{"line":5,"column":52},"end":{"line":18,"column":3}},"line":5},"2":{"name":"(anonymous_2)","decl":{"start":{"line":21,"column":19},"end":{"line":21,"column":20}},"loc":{"start":{"line":21,"column":27},"end":{"line":47,"column":1}},"line":21},"3":{"name":"(anonymous_3)","decl":{"start":{"line":23,"column":35},"end":{"line":23,"column":36}},"loc":{"start":{"line":23,"column":45},"end":{"line":23,"column":62}},"line":23},"4":{"name":"(anonymous_4)","decl":{"start":{"line":32,"column":41},"end":{"line":32,"column":42}},"loc":{"start":{"line":32,"column":54},"end":{"line":45,"column":3}},"line":32}},"branchMap":{"0":{"loc":{"start":{"line":9,"column":110},"end":{"line":9,"column":141}},"type":"cond-expr","locations":[{"start":{"line":9,"column":127},"end":{"line":9,"column":136}},{"start":{"line":9,"column":139},"end":{"line":9,"column":141}}],"line":9},"1":{"loc":{"start":{"line":24,"column":2},"end":{"line":46,"column":3}},"type":"if","locations":[{"start":{"line":24,"column":2},"end":{"line":46,"column":3}},{"start":{},"end":{}}],"line":24},"2":{"loc":{"start":{"line":36,"column":110},"end":{"line":36,"column":141}},"type":"cond-expr","locations":[{"start":{"line":36,"column":127},"end":{"line":36,"column":136}},{"start":{"line":36,"column":139},"end":{"line":36,"column":141}}],"line":36}},"s":{"0":1,"1":1,"2":1,"3":1,"4":1,"5":1,"6":1,"7":1,"8":1,"9":1,"10":1,"11":1,"12":1,"13":1,"14":0,"15":1,"16":1,"17":1,"18":0},"f":{"0":1,"1":1,"2":1,"3":1,"4":0},"b":{"0":[0,1],"1":[1,0],"2":[0,0]},"_coverageSchema":"1a1c01bbd47fc00a2c39e90264f33305004495a9","hash":"5e64b09de9dbdb9252b8c0c319bc6e55827fc896"}
}
